[debug] [2020-07-03T01:18:27.602Z] ----------------------------------------------------------------------
[debug] [2020-07-03T01:18:27.604Z] Command:       C:\Program Files\nodejs\node.exe C:\Users\brian2019\AppData\Roaming\npm\node_modules\firebase-tools\lib\bin\firebase.js init
[debug] [2020-07-03T01:18:27.604Z] CLI Version:   8.4.3
[debug] [2020-07-03T01:18:27.604Z] Platform:      win32
[debug] [2020-07-03T01:18:27.604Z] Node Version:  v14.0.0
[debug] [2020-07-03T01:18:27.606Z] Time:          Thu Jul 02 2020 19:18:27 GMT-0600 (Mountain Daylight Time)
[debug] [2020-07-03T01:18:27.606Z] ----------------------------------------------------------------------
[debug] [2020-07-03T01:18:27.606Z] 
[debug] [2020-07-03T01:18:27.614Z] > command requires scopes: ["email","openid","https://www.googleapis.com/auth/cloudplatformprojects.readonly","https://www.googleapis.com/auth/firebase","https://www.googleapis.com/auth/cloud-platform"]
[debug] [2020-07-03T01:18:27.615Z] > authorizing via signed-in user
[info] 
     ######## #### ########  ######## ########     ###     ######  ########
     ##        ##  ##     ## ##       ##     ##  ##   ##  ##       ##
     ######    ##  ########  ######   ########  #########  ######  ######
     ##        ##  ##    ##  ##       ##     ## ##     ##       ## ##
     ##       #### ##     ## ######## ########  ##     ##  ######  ########

You're about to initialize a Firebase project in this directory:

  J:\Digital Machine\digital-machine

Before we get started, keep in mind:

  * You are initializing in an existing Firebase project directory

